Started up successfully.
{ host: 'photo.kristsauders.com:8084',
  connection: 'keep-alive',
  accept: '*/*',
  'user-agent': 'Mozilla/5.0 (Macintosh; Intel Mac OS X 10_8_2) AppleWebKit/537.4 (KHTML, like Gecko) Chrome/22.0.1229.94 Safari/537.4',
  'accept-encoding': 'gzip,deflate,sdch',
  'accept-language': 'en-US,en;q=0.8',
  'accept-charset': 'ISO-8859-1,utf-8;q=0.7,*;q=0.3',
  cookie: 'cloud9.sid.3131=CtMTwnVJ6VaEOWxQsbunwTe7.mG8jyMYZFibXF8iVTBcPbNP%2Bb4q1s5QR5GG3Q5hIqDA; connect.sid=s%3ANN7blkA17cpJ%2B5aRvmEnnYi%2B.daHMSx6L5K9H8jOjmmBvHl5ZegqKSMeBCKFwVVIm8TU; __utma=82355927.2104799022.1351629092.1352145769.1352166739.5; __utmb=82355927.1.10.1352166739; __utmc=82355927; __utmz=82355927.1351629092.1.1.utmcsr=(direct)|utmccn=(direct)|utmcmd=(none)' }
{ host: 'kristsauders.com',
  connection: 'close',
  'user-agent': 'Mozilla/5.0 (Macintosh; Intel Mac OS X 10_8_2) AppleWebKit/537.4 (KHTML, like Gecko) Chrome/22.0.1229.94 Safari/537.4',
  accept: 'text/html,application/xhtml+xml,application/xml;q=0.9,*/*;q=0.8',
  referer: 'http://kristsauders.com/resume/',
  'accept-encoding': 'gzip,deflate,sdch',
  'accept-language': 'en-US,en;q=0.8',
  'accept-charset': 'ISO-8859-1,utf-8;q=0.7,*;q=0.3',
  cookie: 'prod_access_token=441b6a6c38a433eb5f3a40e66f8874b0; connect.sid=s%3AgjZF19LfFWYAS6Z0qB%2B2VaR9.QiiydaFLt0Mt%2FHBDKjPc7JfUHKt8w%2BiSrcj0WoMRYeE; __utma=6049129.599311489.1352197448.1352313042.1352320674.6; __utmb=6049129.10.10.1352320674; __utmc=6049129; __utmz=6049129.1352197448.1.1.utmcsr=(direct)|utmccn=(direct)|utmcmd=(none)',
  'cache-control': 'max-stale=0',
  'x-bluecoat-via': '410f6567bc519e36' }
{ host: 'kristsauders.com',
  connection: 'close',
  'user-agent': 'Mozilla/5.0 (Macintosh; Intel Mac OS X 10_8_2) AppleWebKit/537.4 (KHTML, like Gecko) Chrome/22.0.1229.94 Safari/537.4',
  accept: 'text/html,application/xhtml+xml,application/xml;q=0.9,*/*;q=0.8',
  referer: 'http://kristsauders.com/resume/',
  'accept-encoding': 'gzip,deflate,sdch',
  'accept-language': 'en-US,en;q=0.8',
  'accept-charset': 'ISO-8859-1,utf-8;q=0.7,*;q=0.3',
  cookie: 'prod_auth_access_token=ffdd6f6ab3589983a347f1385aed6351; prod_access_token=441b6a6c38a433eb5f3a40e66f8874b0; connect.sid=s%3AS9%2FIelGfSbt6tHRJ26zTxsM1.5IjxkVMv7QjX%2BRRcUszAJIA6pC0O7CCuBbd3Ms%2BA9t0; __utma=6049129.599311489.1352197448.1352320674.1352327148.7; __utmb=6049129.31.10.1352327148; __utmc=6049129; __utmz=6049129.1352197448.1.1.utmcsr=(direct)|utmccn=(direct)|utmcmd=(none)' }
{ host: 'kristsauders.com',
  connection: 'close',
  'user-agent': 'curl/7.24.0 (x86_64-apple-darwin12.0) libcurl/7.24.0 OpenSSL/0.9.8r zlib/1.2.5',
  accept: '*/*',
  'content-type': 'application/json',
  'content-length': '135' }
